Determining if the function cblas_ddot exists failed with the following output:
Change Dir: /Users/laurenhorstmyer/Desktop/dlibSealGUI/build/CMakeFiles/CMakeTmp

Run Build Command(s):/usr/local/bin/ninja cmTC_8fc86 && [1/2] Building C object CMakeFiles/cmTC_8fc86.dir/CheckFunctionExists.c.o
[2/2] Linking C executable cmTC_8fc86
FAILED: cmTC_8fc86 
: && /Library/Developer/CommandLineTools/usr/bin/cc -DCHECK_FUNCTION_EXISTS=cblas_ddot -isysroot /Library/Developer/CommandLineTools/SDKs/MacOSX11.1.sdk -mmacosx-version-min=10.15 -Wl,-search_paths_first -Wl,-headerpad_max_install_names  CMakeFiles/cmTC_8fc86.dir/CheckFunctionExists.c.o -o cmTC_8fc86   && :
Undefined symbols for architecture x86_64:
  "_cblas_ddot", referenced from:
      _main in CheckFunctionExists.c.o
ld: symbol(s) not found for architecture x86_64
clang: error: linker command failed with exit code 1 (use -v to see invocation)
ninja: build stopped: subcommand failed.



Determining if the function sgetrf_single exists failed with the following output:
Change Dir: /Users/laurenhorstmyer/Desktop/dlibSealGUI/build/CMakeFiles/CMakeTmp

Run Build Command(s):/usr/local/bin/ninja cmTC_7b0ab && [1/2] Building C object CMakeFiles/cmTC_7b0ab.dir/CheckFunctionExists.c.o
[2/2] Linking C executable cmTC_7b0ab
FAILED: cmTC_7b0ab 
: && /Library/Developer/CommandLineTools/usr/bin/cc -DCHECK_FUNCTION_EXISTS=sgetrf_single -isysroot /Library/Developer/CommandLineTools/SDKs/MacOSX11.1.sdk -mmacosx-version-min=10.15 -Wl,-search_paths_first -Wl,-headerpad_max_install_names  CMakeFiles/cmTC_7b0ab.dir/CheckFunctionExists.c.o -o cmTC_7b0ab  /Library/Developer/CommandLineTools/SDKs/MacOSX11.1.sdk/usr/lib/libcblas.tbd && :
Undefined symbols for architecture x86_64:
  "_sgetrf_single", referenced from:
      _main in CheckFunctionExists.c.o
ld: symbol(s) not found for architecture x86_64
clang: error: linker command failed with exit code 1 (use -v to see invocation)
ninja: build stopped: subcommand failed.



